2025-07-21T14:25:38.119+05:30  INFO 30797 --- [11_Back_End] [main] lk.ijse.aad.back_end.Application         : Starting Application using Java 21.0.7 with PID 30797 (/home/hansana/Documents/AAD/SPRING/Spring Framework/11_Back_End/target/classes started by hansana in /home/hansana/Documents/AAD/SPRING/Spring Framework)
2025-07-21T14:25:38.125+05:30 DEBUG 30797 --- [11_Back_End] [main] lk.ijse.aad.back_end.Application         : Running with Spring Boot v3.5.3, Spring v6.2.8
2025-07-21T14:25:38.125+05:30  INFO 30797 --- [11_Back_End] [main] lk.ijse.aad.back_end.Application         : No active profile set, falling back to 1 default profile: "default"
2025-07-21T14:25:38.655+05:30  INFO 30797 --- [11_Back_End] [main] .s.d.r.c.RepositoryConfigurationDelegate : Bootstrapping Spring Data JPA repositories in DEFAULT mode.
2025-07-21T14:25:38.719+05:30  INFO 30797 --- [11_Back_End] [main] .s.d.r.c.RepositoryConfigurationDelegate : Finished Spring Data repository scanning in 54 ms. Found 1 JPA repository interface.
2025-07-21T14:25:39.087+05:30  INFO 30797 --- [11_Back_End] [main] o.s.b.w.embedded.tomcat.TomcatWebServer  : Tomcat initialized with port 8080 (http)
2025-07-21T14:25:39.096+05:30  INFO 30797 --- [11_Back_End] [main] o.apache.catalina.core.StandardService   : Starting service [Tomcat]
2025-07-21T14:25:39.096+05:30  INFO 30797 --- [11_Back_End] [main] o.apache.catalina.core.StandardEngine    : Starting Servlet engine: [Apache Tomcat/10.1.42]
2025-07-21T14:25:39.128+05:30  INFO 30797 --- [11_Back_End] [main] o.a.c.c.C.[Tomcat].[localhost].[/]       : Initializing Spring embedded WebApplicationContext
2025-07-21T14:25:39.128+05:30  INFO 30797 --- [11_Back_End] [main] w.s.c.ServletWebServerApplicationContext : Root WebApplicationContext: initialization completed in 967 ms
2025-07-21T14:25:39.247+05:30  INFO 30797 --- [11_Back_End] [main] o.hibernate.jpa.internal.util.LogHelper  : HHH000204: Processing PersistenceUnitInfo [name: default]
2025-07-21T14:25:39.295+05:30  INFO 30797 --- [11_Back_End] [main] org.hibernate.Version                    : HHH000412: Hibernate ORM core version 6.6.18.Final
2025-07-21T14:25:39.325+05:30  INFO 30797 --- [11_Back_End] [main] o.h.c.internal.RegionFactoryInitiator    : HHH000026: Second-level cache disabled
2025-07-21T14:25:39.498+05:30  INFO 30797 --- [11_Back_End] [main] o.s.o.j.p.SpringPersistenceUnitInfo      : No LoadTimeWeaver setup: ignoring JPA class transformer
2025-07-21T14:25:39.524+05:30  INFO 30797 --- [11_Back_End] [main] com.zaxxer.hikari.HikariDataSource       : HikariPool-1 - Starting...
2025-07-21T14:25:40.422+05:30  INFO 30797 --- [11_Back_End] [main] com.zaxxer.hikari.pool.HikariPool        : HikariPool-1 - Added connection com.mysql.cj.jdbc.ConnectionImpl@793d09e
2025-07-21T14:25:40.426+05:30  INFO 30797 --- [11_Back_End] [main] com.zaxxer.hikari.HikariDataSource       : HikariPool-1 - Start completed.
2025-07-21T14:25:40.578+05:30  WARN 30797 --- [11_Back_End] [main] org.hibernate.orm.deprecation            : HHH90000025: MySQLDialect does not need to be specified explicitly using 'hibernate.dialect' (remove the property setting and it will be selected by default)
2025-07-21T14:25:40.590+05:30  INFO 30797 --- [11_Back_End] [main] org.hibernate.orm.connections.pooling    : HHH10001005: Database info:
	Database JDBC URL [Connecting through datasource 'HikariDataSource (HikariPool-1)']
	Database driver: undefined/unknown
	Database version: 8.0.42
	Autocommit mode: undefined/unknown
	Isolation level: undefined/unknown
	Minimum pool size: undefined/unknown
	Maximum pool size: undefined/unknown
2025-07-21T14:25:41.114+05:30  INFO 30797 --- [11_Back_End] [main] o.h.e.t.j.p.i.JtaPlatformInitiator       : HHH000489: No JTA platform available (set 'hibernate.transaction.jta.platform' to enable JTA platform integration)
2025-07-21T14:25:41.184+05:30  INFO 30797 --- [11_Back_End] [main] j.LocalContainerEntityManagerFactoryBean : Initialized JPA EntityManagerFactory for persistence unit 'default'
2025-07-21T14:25:41.363+05:30  INFO 30797 --- [11_Back_End] [main] o.s.d.j.r.query.QueryEnhancerFactory     : Hibernate is in classpath; If applicable, HQL parser will be used.
2025-07-21T14:25:41.451+05:30  WARN 30797 --- [11_Back_End] [main] JpaBaseConfiguration$JpaWebConfiguration : spring.jpa.open-in-view is enabled by default. Therefore, database queries may be performed during view rendering. Explicitly configure spring.jpa.open-in-view to disable this warning
2025-07-21T14:25:41.513+05:30 DEBUG 30797 --- [11_Back_End] [main] s.w.s.m.m.a.RequestMappingHandlerMapping : 10 mappings in 'requestMappingHandlerMapping'
2025-07-21T14:25:41.562+05:30 DEBUG 30797 --- [11_Back_End] [main] o.s.w.s.handler.SimpleUrlHandlerMapping  : Patterns [/webjars/**, /**] in 'resourceHandlerMapping'
2025-07-21T14:25:41.577+05:30 DEBUG 30797 --- [11_Back_End] [main] s.w.s.m.m.a.RequestMappingHandlerAdapter : ControllerAdvice beans: 0 @ModelAttribute, 0 @InitBinder, 1 RequestBodyAdvice, 1 ResponseBodyAdvice
2025-07-21T14:25:41.606+05:30 DEBUG 30797 --- [11_Back_End] [main] .m.m.a.ExceptionHandlerExceptionResolver : ControllerAdvice beans: 1 @ExceptionHandler, 1 ResponseBodyAdvice
2025-07-21T14:25:41.704+05:30  INFO 30797 --- [11_Back_End] [main] o.s.b.w.embedded.tomcat.TomcatWebServer  : Tomcat started on port 8080 (http) with context path '/'
2025-07-21T14:25:41.709+05:30  INFO 30797 --- [11_Back_End] [main] lk.ijse.aad.back_end.Application         : Started Application in 3.985 seconds (process running for 5.782)
2025-07-21T14:38:33.351+05:30  INFO 30797 --- [11_Back_End] [http-nio-8080-exec-1] o.a.c.c.C.[Tomcat].[localhost].[/]       : Initializing Spring DispatcherServlet 'dispatcherServlet'
2025-07-21T14:38:33.352+05:30  INFO 30797 --- [11_Back_End] [http-nio-8080-exec-1] o.s.web.servlet.DispatcherServlet        : Initializing Servlet 'dispatcherServlet'
2025-07-21T14:38:33.353+05:30 DEBUG 30797 --- [11_Back_End] [http-nio-8080-exec-1] o.s.web.servlet.DispatcherServlet        : Detected StandardServletMultipartResolver
2025-07-21T14:38:33.353+05:30 DEBUG 30797 --- [11_Back_End] [http-nio-8080-exec-1] o.s.web.servlet.DispatcherServlet        : Detected AcceptHeaderLocaleResolver
2025-07-21T14:38:33.353+05:30 DEBUG 30797 --- [11_Back_End] [http-nio-8080-exec-1] o.s.web.servlet.DispatcherServlet        : Detected FixedThemeResolver
2025-07-21T14:38:33.354+05:30 DEBUG 30797 --- [11_Back_End] [http-nio-8080-exec-1] o.s.web.servlet.DispatcherServlet        : Detected org.springframework.web.servlet.view.DefaultRequestToViewNameTranslator@5318731f
2025-07-21T14:38:33.355+05:30 DEBUG 30797 --- [11_Back_End] [http-nio-8080-exec-1] o.s.web.servlet.DispatcherServlet        : Detected org.springframework.web.servlet.support.SessionFlashMapManager@10b7b5f0
2025-07-21T14:38:33.357+05:30 DEBUG 30797 --- [11_Back_End] [http-nio-8080-exec-1] o.s.web.servlet.DispatcherServlet        : enableLoggingRequestDetails='false': request parameters and headers will be masked to prevent unsafe logging of potentially sensitive data
2025-07-21T14:38:33.357+05:30  INFO 30797 --- [11_Back_End] [http-nio-8080-exec-1] o.s.web.servlet.DispatcherServlet        : Completed initialization in 4 ms
2025-07-21T14:38:33.369+05:30 DEBUG 30797 --- [11_Back_End] [http-nio-8080-exec-1] o.s.web.servlet.DispatcherServlet        : POST "/auth/register", parameters={}
2025-07-21T14:38:33.378+05:30 DEBUG 30797 --- [11_Back_End] [http-nio-8080-exec-1] o.s.w.s.handler.SimpleUrlHandlerMapping  : Mapped to ResourceHttpRequestHandler [classpath [META-INF/resources/], classpath [resources/], classpath [static/], classpath [public/], ServletContext [/]]
2025-07-21T14:38:33.386+05:30 DEBUG 30797 --- [11_Back_End] [http-nio-8080-exec-1] o.s.w.s.r.ResourceHttpRequestHandler     : Resource not found
2025-07-21T14:38:33.391+05:30 DEBUG 30797 --- [11_Back_End] [http-nio-8080-exec-1] .m.m.a.ExceptionHandlerExceptionResolver : Using @ExceptionHandler lk.ijse.aad.back_end.exceptions.GlobalExceptionHandler#handleGenericException(Exception)
2025-07-21T14:38:33.447+05:30 DEBUG 30797 --- [11_Back_End] [http-nio-8080-exec-1] o.s.w.s.m.m.a.HttpEntityMethodProcessor  : Using 'application/json', given [*/*] and supported [application/json, application/*+json]
2025-07-21T14:38:33.450+05:30 DEBUG 30797 --- [11_Back_End] [http-nio-8080-exec-1] o.s.w.s.m.m.a.HttpEntityMethodProcessor  : Writing [lk.ijse.aad.back_end.util.APIResponse@399fb26b]
2025-07-21T14:38:33.475+05:30 DEBUG 30797 --- [11_Back_End] [http-nio-8080-exec-1] .m.m.a.ExceptionHandlerExceptionResolver : Resolved [org.springframework.web.servlet.resource.NoResourceFoundException: No static resource auth/register.]
2025-07-21T14:38:33.476+05:30 DEBUG 30797 --- [11_Back_End] [http-nio-8080-exec-1] o.s.web.servlet.DispatcherServlet        : Completed 500 INTERNAL_SERVER_ERROR
2025-07-21T14:40:45.361+05:30 DEBUG 30797 --- [11_Back_End] [http-nio-8080-exec-3] o.s.web.servlet.DispatcherServlet        : POST "/auth/register", parameters={}
2025-07-21T14:40:45.367+05:30 DEBUG 30797 --- [11_Back_End] [http-nio-8080-exec-3] o.s.w.s.handler.SimpleUrlHandlerMapping  : Mapped to ResourceHttpRequestHandler [classpath [META-INF/resources/], classpath [resources/], classpath [static/], classpath [public/], ServletContext [/]]
2025-07-21T14:40:45.370+05:30 DEBUG 30797 --- [11_Back_End] [http-nio-8080-exec-3] o.s.w.s.r.ResourceHttpRequestHandler     : Resource not found
2025-07-21T14:40:45.372+05:30 DEBUG 30797 --- [11_Back_End] [http-nio-8080-exec-3] .m.m.a.ExceptionHandlerExceptionResolver : Using @ExceptionHandler lk.ijse.aad.back_end.exceptions.GlobalExceptionHandler#handleGenericException(Exception)
2025-07-21T14:40:45.372+05:30 DEBUG 30797 --- [11_Back_End] [http-nio-8080-exec-3] o.s.w.s.m.m.a.HttpEntityMethodProcessor  : Using 'application/json', given [*/*] and supported [application/json, application/*+json]
2025-07-21T14:40:45.373+05:30 DEBUG 30797 --- [11_Back_End] [http-nio-8080-exec-3] o.s.w.s.m.m.a.HttpEntityMethodProcessor  : Writing [lk.ijse.aad.back_end.util.APIResponse@1803fd62]
2025-07-21T14:40:45.373+05:30 DEBUG 30797 --- [11_Back_End] [http-nio-8080-exec-3] .m.m.a.ExceptionHandlerExceptionResolver : Resolved [org.springframework.web.servlet.resource.NoResourceFoundException: No static resource auth/register.]
2025-07-21T14:40:45.374+05:30 DEBUG 30797 --- [11_Back_End] [http-nio-8080-exec-3] o.s.web.servlet.DispatcherServlet        : Completed 500 INTERNAL_SERVER_ERROR
2025-07-21T14:41:17.237+05:30 DEBUG 30797 --- [11_Back_End] [http-nio-8080-exec-6] o.s.web.servlet.DispatcherServlet        : POST "/auth/register", parameters={}
2025-07-21T14:41:17.238+05:30 DEBUG 30797 --- [11_Back_End] [http-nio-8080-exec-6] o.s.w.s.handler.SimpleUrlHandlerMapping  : Mapped to ResourceHttpRequestHandler [classpath [META-INF/resources/], classpath [resources/], classpath [static/], classpath [public/], ServletContext [/]]
2025-07-21T14:41:17.239+05:30 DEBUG 30797 --- [11_Back_End] [http-nio-8080-exec-6] o.s.w.s.r.ResourceHttpRequestHandler     : Resource not found
2025-07-21T14:41:17.239+05:30 DEBUG 30797 --- [11_Back_End] [http-nio-8080-exec-6] .m.m.a.ExceptionHandlerExceptionResolver : Using @ExceptionHandler lk.ijse.aad.back_end.exceptions.GlobalExceptionHandler#handleGenericException(Exception)
2025-07-21T14:41:17.240+05:30 DEBUG 30797 --- [11_Back_End] [http-nio-8080-exec-6] o.s.w.s.m.m.a.HttpEntityMethodProcessor  : Using 'application/json', given [*/*] and supported [application/json, application/*+json]
2025-07-21T14:41:17.240+05:30 DEBUG 30797 --- [11_Back_End] [http-nio-8080-exec-6] o.s.w.s.m.m.a.HttpEntityMethodProcessor  : Writing [lk.ijse.aad.back_end.util.APIResponse@7cd4879b]
2025-07-21T14:41:17.241+05:30 DEBUG 30797 --- [11_Back_End] [http-nio-8080-exec-6] .m.m.a.ExceptionHandlerExceptionResolver : Resolved [org.springframework.web.servlet.resource.NoResourceFoundException: No static resource auth/register.]
2025-07-21T14:41:17.241+05:30 DEBUG 30797 --- [11_Back_End] [http-nio-8080-exec-6] o.s.web.servlet.DispatcherServlet        : Completed 500 INTERNAL_SERVER_ERROR
2025-07-21T14:41:37.576+05:30  INFO 30797 --- [11_Back_End] [SpringApplicationShutdownHook] o.s.b.w.e.tomcat.GracefulShutdown        : Commencing graceful shutdown. Waiting for active requests to complete
2025-07-21T14:41:37.583+05:30  INFO 30797 --- [11_Back_End] [tomcat-shutdown] o.s.b.w.e.tomcat.GracefulShutdown        : Graceful shutdown complete
2025-07-21T14:41:37.591+05:30  INFO 30797 --- [11_Back_End] [SpringApplicationShutdownHook] j.LocalContainerEntityManagerFactoryBean : Closing JPA EntityManagerFactory for persistence unit 'default'
2025-07-21T14:41:37.594+05:30  INFO 30797 --- [11_Back_End] [SpringApplicationShutdownHook] com.zaxxer.hikari.HikariDataSource       : HikariPool-1 - Shutdown initiated...
2025-07-21T14:41:37.610+05:30  INFO 30797 --- [11_Back_End] [SpringApplicationShutdownHook] com.zaxxer.hikari.HikariDataSource       : HikariPool-1 - Shutdown completed.
2025-07-21T14:41:41.230+05:30  INFO 31810 --- [11_Back_End] [main] lk.ijse.aad.back_end.Application         : Starting Application using Java 21.0.7 with PID 31810 (/home/hansana/Documents/AAD/SPRING/Spring Framework/11_Back_End/target/classes started by hansana in /home/hansana/Documents/AAD/SPRING/Spring Framework)
2025-07-21T14:41:41.231+05:30 DEBUG 31810 --- [11_Back_End] [main] lk.ijse.aad.back_end.Application         : Running with Spring Boot v3.5.3, Spring v6.2.8
2025-07-21T14:41:41.231+05:30  INFO 31810 --- [11_Back_End] [main] lk.ijse.aad.back_end.Application         : No active profile set, falling back to 1 default profile: "default"
2025-07-21T14:41:41.667+05:30  INFO 31810 --- [11_Back_End] [main] .s.d.r.c.RepositoryConfigurationDelegate : Bootstrapping Spring Data JPA repositories in DEFAULT mode.
2025-07-21T14:41:41.700+05:30  INFO 31810 --- [11_Back_End] [main] .s.d.r.c.RepositoryConfigurationDelegate : Finished Spring Data repository scanning in 27 ms. Found 1 JPA repository interface.
2025-07-21T14:41:42.024+05:30  INFO 31810 --- [11_Back_End] [main] o.s.b.w.embedded.tomcat.TomcatWebServer  : Tomcat initialized with port 8080 (http)
2025-07-21T14:41:42.033+05:30  INFO 31810 --- [11_Back_End] [main] o.apache.catalina.core.StandardService   : Starting service [Tomcat]
2025-07-21T14:41:42.034+05:30  INFO 31810 --- [11_Back_End] [main] o.apache.catalina.core.StandardEngine    : Starting Servlet engine: [Apache Tomcat/10.1.42]
2025-07-21T14:41:42.066+05:30  INFO 31810 --- [11_Back_End] [main] o.a.c.c.C.[Tomcat].[localhost].[/]       : Initializing Spring embedded WebApplicationContext
2025-07-21T14:41:42.067+05:30  INFO 31810 --- [11_Back_End] [main] w.s.c.ServletWebServerApplicationContext : Root WebApplicationContext: initialization completed in 815 ms
2025-07-21T14:41:42.191+05:30  INFO 31810 --- [11_Back_End] [main] o.hibernate.jpa.internal.util.LogHelper  : HHH000204: Processing PersistenceUnitInfo [name: default]
2025-07-21T14:41:42.225+05:30  INFO 31810 --- [11_Back_End] [main] org.hibernate.Version                    : HHH000412: Hibernate ORM core version 6.6.18.Final
2025-07-21T14:41:42.260+05:30  INFO 31810 --- [11_Back_End] [main] o.h.c.internal.RegionFactoryInitiator    : HHH000026: Second-level cache disabled
2025-07-21T14:41:42.438+05:30  INFO 31810 --- [11_Back_End] [main] o.s.o.j.p.SpringPersistenceUnitInfo      : No LoadTimeWeaver setup: ignoring JPA class transformer
2025-07-21T14:41:42.465+05:30  INFO 31810 --- [11_Back_End] [main] com.zaxxer.hikari.HikariDataSource       : HikariPool-1 - Starting...
2025-07-21T14:41:43.153+05:30  INFO 31810 --- [11_Back_End] [main] com.zaxxer.hikari.pool.HikariPool        : HikariPool-1 - Added connection com.mysql.cj.jdbc.ConnectionImpl@3a72e2e8
2025-07-21T14:41:43.158+05:30  INFO 31810 --- [11_Back_End] [main] com.zaxxer.hikari.HikariDataSource       : HikariPool-1 - Start completed.
2025-07-21T14:41:43.206+05:30  WARN 31810 --- [11_Back_End] [main] org.hibernate.orm.deprecation            : HHH90000025: MySQLDialect does not need to be specified explicitly using 'hibernate.dialect' (remove the property setting and it will be selected by default)
2025-07-21T14:41:43.216+05:30  INFO 31810 --- [11_Back_End] [main] org.hibernate.orm.connections.pooling    : HHH10001005: Database info:
	Database JDBC URL [Connecting through datasource 'HikariDataSource (HikariPool-1)']
	Database driver: undefined/unknown
	Database version: 8.0.42
	Autocommit mode: undefined/unknown
	Isolation level: undefined/unknown
	Minimum pool size: undefined/unknown
	Maximum pool size: undefined/unknown
2025-07-21T14:41:43.738+05:30  INFO 31810 --- [11_Back_End] [main] o.h.e.t.j.p.i.JtaPlatformInitiator       : HHH000489: No JTA platform available (set 'hibernate.transaction.jta.platform' to enable JTA platform integration)
2025-07-21T14:41:43.765+05:30  INFO 31810 --- [11_Back_End] [main] j.LocalContainerEntityManagerFactoryBean : Initialized JPA EntityManagerFactory for persistence unit 'default'
2025-07-21T14:41:43.946+05:30  INFO 31810 --- [11_Back_End] [main] o.s.d.j.r.query.QueryEnhancerFactory     : Hibernate is in classpath; If applicable, HQL parser will be used.
2025-07-21T14:41:43.988+05:30  WARN 31810 --- [11_Back_End] [main] JpaBaseConfiguration$JpaWebConfiguration : spring.jpa.open-in-view is enabled by default. Therefore, database queries may be performed during view rendering. Explicitly configure spring.jpa.open-in-view to disable this warning
2025-07-21T14:41:44.048+05:30 DEBUG 31810 --- [11_Back_End] [main] s.w.s.m.m.a.RequestMappingHandlerMapping : 10 mappings in 'requestMappingHandlerMapping'
2025-07-21T14:41:44.096+05:30 DEBUG 31810 --- [11_Back_End] [main] o.s.w.s.handler.SimpleUrlHandlerMapping  : Patterns [/webjars/**, /**] in 'resourceHandlerMapping'
2025-07-21T14:41:44.110+05:30 DEBUG 31810 --- [11_Back_End] [main] s.w.s.m.m.a.RequestMappingHandlerAdapter : ControllerAdvice beans: 0 @ModelAttribute, 0 @InitBinder, 1 RequestBodyAdvice, 1 ResponseBodyAdvice
2025-07-21T14:41:44.148+05:30 DEBUG 31810 --- [11_Back_End] [main] .m.m.a.ExceptionHandlerExceptionResolver : ControllerAdvice beans: 1 @ExceptionHandler, 1 ResponseBodyAdvice
2025-07-21T14:41:44.253+05:30  INFO 31810 --- [11_Back_End] [main] o.s.b.w.embedded.tomcat.TomcatWebServer  : Tomcat started on port 8080 (http) with context path '/'
2025-07-21T14:41:44.259+05:30  INFO 31810 --- [11_Back_End] [main] lk.ijse.aad.back_end.Application         : Started Application in 3.376 seconds (process running for 4.848)
2025-07-21T14:41:51.271+05:30  INFO 31810 --- [11_Back_End] [http-nio-8080-exec-2] o.a.c.c.C.[Tomcat].[localhost].[/]       : Initializing Spring DispatcherServlet 'dispatcherServlet'
2025-07-21T14:41:51.271+05:30  INFO 31810 --- [11_Back_End] [http-nio-8080-exec-2] o.s.web.servlet.DispatcherServlet        : Initializing Servlet 'dispatcherServlet'
2025-07-21T14:41:51.271+05:30 DEBUG 31810 --- [11_Back_End] [http-nio-8080-exec-2] o.s.web.servlet.DispatcherServlet        : Detected StandardServletMultipartResolver
2025-07-21T14:41:51.271+05:30 DEBUG 31810 --- [11_Back_End] [http-nio-8080-exec-2] o.s.web.servlet.DispatcherServlet        : Detected AcceptHeaderLocaleResolver
2025-07-21T14:41:51.271+05:30 DEBUG 31810 --- [11_Back_End] [http-nio-8080-exec-2] o.s.web.servlet.DispatcherServlet        : Detected FixedThemeResolver
2025-07-21T14:41:51.272+05:30 DEBUG 31810 --- [11_Back_End] [http-nio-8080-exec-2] o.s.web.servlet.DispatcherServlet        : Detected org.springframework.web.servlet.view.DefaultRequestToViewNameTranslator@26723525
2025-07-21T14:41:51.272+05:30 DEBUG 31810 --- [11_Back_End] [http-nio-8080-exec-2] o.s.web.servlet.DispatcherServlet        : Detected org.springframework.web.servlet.support.SessionFlashMapManager@5dc8448b
2025-07-21T14:41:51.272+05:30 DEBUG 31810 --- [11_Back_End] [http-nio-8080-exec-2] o.s.web.servlet.DispatcherServlet        : enableLoggingRequestDetails='false': request parameters and headers will be masked to prevent unsafe logging of potentially sensitive data
2025-07-21T14:41:51.272+05:30  INFO 31810 --- [11_Back_End] [http-nio-8080-exec-2] o.s.web.servlet.DispatcherServlet        : Completed initialization in 1 ms
2025-07-21T14:41:51.277+05:30 DEBUG 31810 --- [11_Back_End] [http-nio-8080-exec-2] o.s.web.servlet.DispatcherServlet        : POST "/auth/register", parameters={}
2025-07-21T14:41:51.283+05:30 DEBUG 31810 --- [11_Back_End] [http-nio-8080-exec-2] o.s.w.s.handler.SimpleUrlHandlerMapping  : Mapped to ResourceHttpRequestHandler [classpath [META-INF/resources/], classpath [resources/], classpath [static/], classpath [public/], ServletContext [/]]
2025-07-21T14:41:51.289+05:30 DEBUG 31810 --- [11_Back_End] [http-nio-8080-exec-2] o.s.w.s.r.ResourceHttpRequestHandler     : Resource not found
2025-07-21T14:41:51.293+05:30 DEBUG 31810 --- [11_Back_End] [http-nio-8080-exec-2] .m.m.a.ExceptionHandlerExceptionResolver : Using @ExceptionHandler lk.ijse.aad.back_end.exceptions.GlobalExceptionHandler#handleGenericException(Exception)
2025-07-21T14:41:51.334+05:30 DEBUG 31810 --- [11_Back_End] [http-nio-8080-exec-2] o.s.w.s.m.m.a.HttpEntityMethodProcessor  : Using 'application/json', given [*/*] and supported [application/json, application/*+json]
2025-07-21T14:41:51.338+05:30 DEBUG 31810 --- [11_Back_End] [http-nio-8080-exec-2] o.s.w.s.m.m.a.HttpEntityMethodProcessor  : Writing [lk.ijse.aad.back_end.util.APIResponse@29a82a27]
2025-07-21T14:41:51.352+05:30 DEBUG 31810 --- [11_Back_End] [http-nio-8080-exec-2] .m.m.a.ExceptionHandlerExceptionResolver : Resolved [org.springframework.web.servlet.resource.NoResourceFoundException: No static resource auth/register.]
2025-07-21T14:41:51.352+05:30 DEBUG 31810 --- [11_Back_End] [http-nio-8080-exec-2] o.s.web.servlet.DispatcherServlet        : Completed 500 INTERNAL_SERVER_ERROR
2025-07-21T14:43:42.049+05:30 DEBUG 31810 --- [11_Back_End] [http-nio-8080-exec-4] o.s.web.servlet.DispatcherServlet        : POST "/auth/register", parameters={}
2025-07-21T14:43:42.050+05:30 DEBUG 31810 --- [11_Back_End] [http-nio-8080-exec-4] o.s.w.s.handler.SimpleUrlHandlerMapping  : Mapped to ResourceHttpRequestHandler [classpath [META-INF/resources/], classpath [resources/], classpath [static/], classpath [public/], ServletContext [/]]
2025-07-21T14:43:42.056+05:30 DEBUG 31810 --- [11_Back_End] [http-nio-8080-exec-4] o.s.w.s.r.ResourceHttpRequestHandler     : Resource not found
2025-07-21T14:43:42.058+05:30 DEBUG 31810 --- [11_Back_End] [http-nio-8080-exec-4] .m.m.a.ExceptionHandlerExceptionResolver : Using @ExceptionHandler lk.ijse.aad.back_end.exceptions.GlobalExceptionHandler#handleGenericException(Exception)
2025-07-21T14:43:42.059+05:30 DEBUG 31810 --- [11_Back_End] [http-nio-8080-exec-4] o.s.w.s.m.m.a.HttpEntityMethodProcessor  : Using 'application/json', given [*/*] and supported [application/json, application/*+json]
2025-07-21T14:43:42.059+05:30 DEBUG 31810 --- [11_Back_End] [http-nio-8080-exec-4] o.s.w.s.m.m.a.HttpEntityMethodProcessor  : Writing [lk.ijse.aad.back_end.util.APIResponse@735ae90f]
2025-07-21T14:43:42.060+05:30 DEBUG 31810 --- [11_Back_End] [http-nio-8080-exec-4] .m.m.a.ExceptionHandlerExceptionResolver : Resolved [org.springframework.web.servlet.resource.NoResourceFoundException: No static resource auth/register.]
2025-07-21T14:43:42.061+05:30 DEBUG 31810 --- [11_Back_End] [http-nio-8080-exec-4] o.s.web.servlet.DispatcherServlet        : Completed 500 INTERNAL_SERVER_ERROR
2025-07-21T14:43:51.149+05:30 DEBUG 31810 --- [11_Back_End] [http-nio-8080-exec-6] o.s.web.servlet.DispatcherServlet        : POST "/auth/register", parameters={}
2025-07-21T14:43:51.150+05:30 DEBUG 31810 --- [11_Back_End] [http-nio-8080-exec-6] o.s.w.s.handler.SimpleUrlHandlerMapping  : Mapped to ResourceHttpRequestHandler [classpath [META-INF/resources/], classpath [resources/], classpath [static/], classpath [public/], ServletContext [/]]
2025-07-21T14:43:51.150+05:30 DEBUG 31810 --- [11_Back_End] [http-nio-8080-exec-6] o.s.w.s.r.ResourceHttpRequestHandler     : Resource not found
2025-07-21T14:43:51.150+05:30 DEBUG 31810 --- [11_Back_End] [http-nio-8080-exec-6] .m.m.a.ExceptionHandlerExceptionResolver : Using @ExceptionHandler lk.ijse.aad.back_end.exceptions.GlobalExceptionHandler#handleGenericException(Exception)
2025-07-21T14:43:51.151+05:30 DEBUG 31810 --- [11_Back_End] [http-nio-8080-exec-6] o.s.w.s.m.m.a.HttpEntityMethodProcessor  : Using 'application/json', given [*/*] and supported [application/json, application/*+json]
2025-07-21T14:43:51.151+05:30 DEBUG 31810 --- [11_Back_End] [http-nio-8080-exec-6] o.s.w.s.m.m.a.HttpEntityMethodProcessor  : Writing [lk.ijse.aad.back_end.util.APIResponse@25771750]
2025-07-21T14:43:51.151+05:30 DEBUG 31810 --- [11_Back_End] [http-nio-8080-exec-6] .m.m.a.ExceptionHandlerExceptionResolver : Resolved [org.springframework.web.servlet.resource.NoResourceFoundException: No static resource auth/register.]
2025-07-21T14:43:51.152+05:30 DEBUG 31810 --- [11_Back_End] [http-nio-8080-exec-6] o.s.web.servlet.DispatcherServlet        : Completed 500 INTERNAL_SERVER_ERROR
2025-07-21T14:46:11.833+05:30 DEBUG 31810 --- [11_Back_End] [http-nio-8080-exec-8] o.s.web.servlet.DispatcherServlet        : POST "/auth/register", parameters={}
2025-07-21T14:46:11.834+05:30 DEBUG 31810 --- [11_Back_End] [http-nio-8080-exec-8] o.s.w.s.handler.SimpleUrlHandlerMapping  : Mapped to ResourceHttpRequestHandler [classpath [META-INF/resources/], classpath [resources/], classpath [static/], classpath [public/], ServletContext [/]]
2025-07-21T14:46:11.835+05:30 DEBUG 31810 --- [11_Back_End] [http-nio-8080-exec-8] o.s.w.s.r.ResourceHttpRequestHandler     : Resource not found
2025-07-21T14:46:11.836+05:30 DEBUG 31810 --- [11_Back_End] [http-nio-8080-exec-8] .m.m.a.ExceptionHandlerExceptionResolver : Using @ExceptionHandler lk.ijse.aad.back_end.exceptions.GlobalExceptionHandler#handleGenericException(Exception)
2025-07-21T14:46:11.836+05:30 DEBUG 31810 --- [11_Back_End] [http-nio-8080-exec-8] o.s.w.s.m.m.a.HttpEntityMethodProcessor  : Using 'application/json', given [*/*] and supported [application/json, application/*+json]
2025-07-21T14:46:11.836+05:30 DEBUG 31810 --- [11_Back_End] [http-nio-8080-exec-8] o.s.w.s.m.m.a.HttpEntityMethodProcessor  : Writing [lk.ijse.aad.back_end.util.APIResponse@48edb97a]
2025-07-21T14:46:11.837+05:30 DEBUG 31810 --- [11_Back_End] [http-nio-8080-exec-8] .m.m.a.ExceptionHandlerExceptionResolver : Resolved [org.springframework.web.servlet.resource.NoResourceFoundException: No static resource auth/register.]
2025-07-21T14:46:11.837+05:30 DEBUG 31810 --- [11_Back_End] [http-nio-8080-exec-8] o.s.web.servlet.DispatcherServlet        : Completed 500 INTERNAL_SERVER_ERROR
2025-07-21T14:53:46.680+05:30  INFO 31810 --- [11_Back_End] [SpringApplicationShutdownHook] o.s.b.w.e.tomcat.GracefulShutdown        : Commencing graceful shutdown. Waiting for active requests to complete
2025-07-21T14:53:46.714+05:30  INFO 31810 --- [11_Back_End] [tomcat-shutdown] o.s.b.w.e.tomcat.GracefulShutdown        : Graceful shutdown complete
2025-07-21T14:53:46.736+05:30  INFO 31810 --- [11_Back_End] [SpringApplicationShutdownHook] j.LocalContainerEntityManagerFactoryBean : Closing JPA EntityManagerFactory for persistence unit 'default'
2025-07-21T14:53:46.748+05:30  INFO 31810 --- [11_Back_End] [SpringApplicationShutdownHook] com.zaxxer.hikari.HikariDataSource       : HikariPool-1 - Shutdown initiated...
2025-07-21T14:53:46.766+05:30  INFO 31810 --- [11_Back_End] [SpringApplicationShutdownHook] com.zaxxer.hikari.HikariDataSource       : HikariPool-1 - Shutdown completed.
